e:\dongjcode\newhidedriverex\x64\win7debug\newhidedriverex.sys
e:\dongjcode\newhidedriverex\newhidedriverex\x64\win7debug\newhidedriverex.inf
e:\dongjcode\newhidedriverex\newhidedriverex\x64\win7debug\vc120.pdb
e:\dongjcode\newhidedriverex\newhidedriverex\x64\win7debug\xenosobregistercallbacks.obj
e:\dongjcode\newhidedriverex\newhidedriverex\x64\win7debug\xenoshidedriver.obj
e:\dongjcode\newhidedriverex\newhidedriverex\x64\win7debug\driverentry.obj
e:\dongjcode\newhidedriverex\x64\win7debug\newhidedriverex.pdb
e:\dongjcode\newhidedriverex\x64\win7debug\newhidedriverex.cer
e:\dongjcode\newhidedriverex\x64\win7debug\newhidedriverex.inf
e:\dongjcode\newhidedriverex\newhidedriverex\x64\win7debug\signtool.command.1.tlog
e:\dongjcode\newhidedriverex\newhidedriverex\x64\win7debug\signtool.read.1.tlog
e:\dongjcode\newhidedriverex\newhidedriverex\x64\win7debug\signtool.write.1.tlog
e:\dongjcode\newhidedriverex\newhidedriverex\x64\win7debug\stampinf.command.1.tlog
e:\dongjcode\newhidedriverex\newhidedriverex\x64\win7debug\stampinf.read.1.tlog
e:\dongjcode\newhidedriverex\newhidedriverex\x64\win7debug\stampinf.write.1.tlog
e:\dongjcode\newhidedriverex\newhidedriverex\x64\win7debug\newhidedriverex.tlog\cl.command.1.tlog
e:\dongjcode\newhidedriverex\newhidedriverex\x64\win7debug\newhidedriverex.tlog\cl.read.1.tlog
e:\dongjcode\newhidedriverex\newhidedriverex\x64\win7debug\newhidedriverex.tlog\cl.write.1.tlog
e:\dongjcode\newhidedriverex\newhidedriverex\x64\win7debug\newhidedriverex.tlog\link.command.1.tlog
e:\dongjcode\newhidedriverex\newhidedriverex\x64\win7debug\newhidedriverex.tlog\link.read.1.tlog
e:\dongjcode\newhidedriverex\newhidedriverex\x64\win7debug\newhidedriverex.tlog\link.write.1.tlog
